<?xml version="1.0" encoding="UTF-8"?>
<testsuite name="regist.practice.repository.MemoryMemberRepositoryTest" tests="1" skipped="0" failures="0" errors="0" timestamp="2023-10-04T17:20:49" hostname="DESKTOP-V0FLOGT" time="0.076">
  <properties/>
  <testcase name="save()" classname="regist.practice.repository.MemoryMemberRepositoryTest" time="0.076"/>
  <system-out><![CDATA[]]></system-out>
  <system-err><![CDATA[]]></system-err>
</testsuite>
